My server Id: 4
My server Id: 2
Got the following server configs: {[{0 localhost 8080} {1 localhost 8081} {2 localhost 8082} {3 localhost 8083} {4 localhost 8084} {5 localhost 8085} {6 localhost 8086} {7 localhost 8087} {8 localhost 8088} {9 localhost 8089} {10 localhost 8090} {11 localhost 8091} {12 localhost 8092} {13 localhost 8093} {14 localhost 8094} {15 localhost 8095}]}
Got the following server configs: {[{0 localhost 8080} {1 localhost 8081} {2 localhost 8082} {3 localhost 8083} {4 localhost 8084} {5 localhost 8085} {6 localhost 8086} {7 localhost 8087} {8 localhost 8088} {9 localhost 8089} {10 localhost 8090} {11 localhost 8091} {12 localhost 8092} {13 localhost 8093} {14 localhost 8094} {15 localhost 8095}]}
My server Id: 10
My server Id: 9
Got the following server configs: {[{0 localhost 8080} {1 localhost 8081} {2 localhost 8082} {3 localhost 8083} {4 localhost 8084} {5 localhost 8085} {6 localhost 8086} {7 localhost 8087} {8 localhost 8088} {9 localhost 8089} {10 localhost 8090} {11 localhost 8091} {12 localhost 8092} {13 localhost 8093} {14 localhost 8094} {15 localhost 8095}]}
Got the following server configs: {[{0 localhost 8080} {1 localhost 8081} {2 localhost 8082} {3 localhost 8083} {4 localhost 8084} {5 localhost 8085} {6 localhost 8086} {7 localhost 8087} {8 localhost 8088} {9 localhost 8089} {10 localhost 8090} {11 localhost 8091} {12 localhost 8092} {13 localhost 8093} {14 localhost 8094} {15 localhost 8095}]}
My server Id: 12
My server Id: 6
My server Id: 14
Got the following server configs: {[{0 localhost 8080} {1 localhost 8081} {2 localhost 8082} {3 localhost 8083} {4 localhost 8084} {5 localhost 8085} {6 localhost 8086} {7 localhost 8087} {8 localhost 8088} {9 localhost 8089} {10 localhost 8090} {11 localhost 8091} {12 localhost 8092} {13 localhost 8093} {14 localhost 8094} {15 localhost 8095}]}
My server Id: 1
My server Id: 5
Got the following server configs: {[{0 localhost 8080} {1 localhost 8081} {2 localhost 8082} {3 localhost 8083} {4 localhost 8084} {5 localhost 8085} {6 localhost 8086} {7 localhost 8087} {8 localhost 8088} {9 localhost 8089} {10 localhost 8090} {11 localhost 8091} {12 localhost 8092} {13 localhost 8093} {14 localhost 8094} {15 localhost 8095}]}
My server Id: 0
My server Id: 7
Got the following server configs: {[{0 localhost 8080} {1 localhost 8081} {2 localhost 8082} {3 localhost 8083} {4 localhost 8084} {5 localhost 8085} {6 localhost 8086} {7 localhost 8087} {8 localhost 8088} {9 localhost 8089} {10 localhost 8090} {11 localhost 8091} {12 localhost 8092} {13 localhost 8093} {14 localhost 8094} {15 localhost 8095}]}
Got the following server configs: {[{0 localhost 8080} {1 localhost 8081} {2 localhost 8082} {3 localhost 8083} {4 localhost 8084} {5 localhost 8085} {6 localhost 8086} {7 localhost 8087} {8 localhost 8088} {9 localhost 8089} {10 localhost 8090} {11 localhost 8091} {12 localhost 8092} {13 localhost 8093} {14 localhost 8094} {15 localhost 8095}]}
Got the following server configs: {[{0 localhost 8080} {1 localhost 8081} {2 localhost 8082} {3 localhost 8083} {4 localhost 8084} {5 localhost 8085} {6 localhost 8086} {7 localhost 8087} {8 localhost 8088} {9 localhost 8089} {10 localhost 8090} {11 localhost 8091} {12 localhost 8092} {13 localhost 8093} {14 localhost 8094} {15 localhost 8095}]}
Got the following server configs: {[{0 localhost 8080} {1 localhost 8081} {2 localhost 8082} {3 localhost 8083} {4 localhost 8084} {5 localhost 8085} {6 localhost 8086} {7 localhost 8087} {8 localhost 8088} {9 localhost 8089} {10 localhost 8090} {11 localhost 8091} {12 localhost 8092} {13 localhost 8093} {14 localhost 8094} {15 localhost 8095}]}
Got the following server configs: {[{0 localhost 8080} {1 localhost 8081} {2 localhost 8082} {3 localhost 8083} {4 localhost 8084} {5 localhost 8085} {6 localhost 8086} {7 localhost 8087} {8 localhost 8088} {9 localhost 8089} {10 localhost 8090} {11 localhost 8091} {12 localhost 8092} {13 localhost 8093} {14 localhost 8094} {15 localhost 8095}]}
My server Id: 13
My server Id: 11
Got the following server configs: {[{0 localhost 8080} {1 localhost 8081} {2 localhost 8082} {3 localhost 8083} {4 localhost 8084} {5 localhost 8085} {6 localhost 8086} {7 localhost 8087} {8 localhost 8088} {9 localhost 8089} {10 localhost 8090} {11 localhost 8091} {12 localhost 8092} {13 localhost 8093} {14 localhost 8094} {15 localhost 8095}]}
Got the following server configs: {[{0 localhost 8080} {1 localhost 8081} {2 localhost 8082} {3 localhost 8083} {4 localhost 8084} {5 localhost 8085} {6 localhost 8086} {7 localhost 8087} {8 localhost 8088} {9 localhost 8089} {10 localhost 8090} {11 localhost 8091} {12 localhost 8092} {13 localhost 8093} {14 localhost 8094} {15 localhost 8095}]}
My server Id: 3
Got the following server configs: {[{0 localhost 8080} {1 localhost 8081} {2 localhost 8082} {3 localhost 8083} {4 localhost 8084} {5 localhost 8085} {6 localhost 8086} {7 localhost 8087} {8 localhost 8088} {9 localhost 8089} {10 localhost 8090} {11 localhost 8091} {12 localhost 8092} {13 localhost 8093} {14 localhost 8094} {15 localhost 8095}]}
My server Id: 8
My server Id: 15
Got the following server configs: {[{0 localhost 8080} {1 localhost 8081} {2 localhost 8082} {3 localhost 8083} {4 localhost 8084} {5 localhost 8085} {6 localhost 8086} {7 localhost 8087} {8 localhost 8088} {9 localhost 8089} {10 localhost 8090} {11 localhost 8091} {12 localhost 8092} {13 localhost 8093} {14 localhost 8094} {15 localhost 8095}]}
Got the following server configs: {[{0 localhost 8080} {1 localhost 8081} {2 localhost 8082} {3 localhost 8083} {4 localhost 8084} {5 localhost 8085} {6 localhost 8086} {7 localhost 8087} {8 localhost 8088} {9 localhost 8089} {10 localhost 8090} {11 localhost 8091} {12 localhost 8092} {13 localhost 8093} {14 localhost 8094} {15 localhost 8095}]}
!!!!!!!!!!!!!There is dailing error dial tcp 127.0.0.1:8080: connect: connection refused
!!!!!!!!!!!!!There is dailing error dial tcp 127.0.0.1:8080: connect: connection refused
!!!!!!!!!!!!!There is dailing error dial tcp 127.0.0.1:8080: connect: connection refused
!!!!!!!!!!!!!There is dailing error dial tcp 127.0.0.1:8080: connect: connection refused
!!!!!!!!!!!!!There is dailing error dial tcp 127.0.0.1:8080: connect: connection refused
!!!!!!!!!!!!!There is dailing error dial tcp 127.0.0.1:8080: connect: connection refused
!!!!!!!!!!!!!There is dailing error dial tcp 127.0.0.1:8080: connect: connection refused
!!!!!!!!!!!!!There is dailing error dial tcp 127.0.0.1:8080: connect: connection refused
!!!!!!!!!!!!!There is dailing error dial tcp 127.0.0.1:8080: connect: connection refused
!!!!!!!!!!!!!There is dailing error dial tcp 127.0.0.1:8080: connect: connection refused
8088 dailed 8080
!!!!!!!!!!!!!There is dailing error dial tcp 127.0.0.1:8080: connect: connection refused
!!!!!!!!!!!!!There is dailing error dial tcp 127.0.0.1:8080: connect: connection refused
8084 dailed 8080
!!!!!!!!!!!!!There is dailing error dial tcp 127.0.0.1:8080: connect: connection refused
8090 dailed 8080
8095 dailed 8080
8085 dailed 8080
!!!!!!!!!!!!!There is dailing error dial tcp 127.0.0.1:8080: connect: connection refused
Accepted connection from:  &{{0xc00021e200}}
8089 dailed 8080
8080 dailed 8081
8081 dailed 8080
Accepted connection from:  &{{0xc000480080}}
Accepted connection from:  &{{0xc000480100}}
Accepted connection from:  &{{0xc000480180}}
Accepted connection from:  &{{0xc000480200}}
Accepted connection from:  &{{0xc000480280}}
Accepted connection from:  &{{0xc000480300}}
Accepted connection from:  &{{0xc000480380}}
Accepted connection from:  &{{0xc000480400}}
Accepted connection from:  &{{0xc000480480}}
Accepted connection from:  &{{0xc000480500}}
Accepted connection from:  &{{0xc000480580}}
Accepted connection from:  &{{0xc000480600}}
8094 dailed 8080
8090 dailed 8081
8088 dailed 8081
8095 dailed 8081
8086 dailed 8080
Accepted connection from:  &{{0xc0000c2280}}
8089 dailed 8081
Accepted connection from:  &{{0xc0000c2300}}
Accepted connection from:  &{{0xc0000c2380}}
Accepted connection from:  &{{0xc0000c2400}}
Accepted connection from:  &{{0xc0000c2480}}
Accepted connection from:  &{{0xc0000c2500}}
8084 dailed 8081
8085 dailed 8081
8083 dailed 8080
8082 dailed 8080
8092 dailed 8080
8087 dailed 8080
Accepted connection from:  &{{0xc0000c2580}}
8088 dailed 8082
8094 dailed 8081
Accepted connection from:  &{{0xc00011e100}}
8091 dailed 8080
Accepted connection from:  &{{0xc00011e180}}
8084 dailed 8082
Accepted connection from:  &{{0xc00011e200}}
8089 dailed 8082
Accepted connection from:  &{{0xc00011e280}}
Accepted connection from:  &{{0xc00011e300}}
8086 dailed 8081
Accepted connection from:  &{{0xc0000c2600}}
8095 dailed 8082
8092 dailed 8081
8087 dailed 8081
8083 dailed 8081
8082 dailed 8081
Accepted connection from:  &{{0xc00020c000}}
8091 dailed 8081
8095 dailed 8083
Accepted connection from:  &{{0xc0000c2380}}
8086 dailed 8082
Accepted connection from:  &{{0xc0000c2680}}
Accepted connection from:  &{{0xc0000c2700}}
Accepted connection from:  &{{0xc0000c2780}}
Accepted connection from:  &{{0xc0000c2800}}
Accepted connection from:  &{{0xc0000c2880}}
8084 dailed 8083
8089 dailed 8083
8082 dailed 8083
Accepted connection from:  &{{0xc0000c2400}}
8088 dailed 8083
Accepted connection from:  &{{0xc00021a000}}
Accepted connection from:  &{{0xc00021a080}}
Accepted connection from:  &{{0xc00021a100}}
8082 dailed 8084
8091 dailed 8082
8089 dailed 8084
Accepted connection from:  &{{0xc00020c080}}
8088 dailed 8084
8084 dailed 8085
8086 dailed 8083
Accepted connection from:  &{{0xc00021a200}}
8084 dailed 8086
8082 dailed 8085
Accepted connection from:  &{{0xc0000c2400}}
Accepted connection from:  &{{0xc000522000}}
Accepted connection from:  &{{0xc000522080}}
8088 dailed 8085
8080 dailed 8082
Accepted connection from:  &{{0xc0002a4100}}
8089 dailed 8085
8081 dailed 8082
8086 dailed 8084
8084 dailed 8087
Accepted connection from:  &{{0xc0001a8180}}
Accepted connection from:  &{{0xc000196100}}
Accepted connection from:  &{{0xc0001a2100}}
8085 dailed 8082
8095 dailed 8084
8082 dailed 8086
Accepted connection from:  &{{0xc0000c2500}}
8086 dailed 8085
8084 dailed 8088
8092 dailed 8082
8089 dailed 8086
Accepted connection from:  &{{0xc000196200}}
Accepted connection from:  &{{0xc000196280}}
Accepted connection from:  &{{0xc000196300}}
Accepted connection from:  &{{0xc000196380}}
Accepted connection from:  &{{0xc000196400}}
Accepted connection from:  &{{0xc000196480}}
8083 dailed 8082
Accepted connection from:  &{{0xc0001b2100}}
8090 dailed 8082
Accepted connection from:  &{{0xc000196500}}
8086 dailed 8087
Accepted connection from:  &{{0xc00020c100}}
8088 dailed 8086
Accepted connection from:  &{{0xc000196080}}
Accepted connection from:  &{{0xc00020c180}}
Accepted connection from:  &{{0xc000196000}}
8082 dailed 8087
Accepted connection from:  &{{0xc000196100}}
Accepted connection from:  &{{0xc000196180}}
Accepted connection from:  &{{0xc000196200}}
8090 dailed 8083
Accepted connection from:  &{{0xc000196280}}
8084 dailed 8089
Accepted connection from:  &{{0xc000196180}}
Accepted connection from:  &{{0xc000196200}}
Accepted connection from:  &{{0xc000196280}}
Accepted connection from:  &{{0xc0000c2500}}
Accepted connection from:  &{{0xc0000c2600}}
8089 dailed 8087
Accepted connection from:  &{{0xc0000c2680}}
8081 dailed 8083
8094 dailed 8082
8080 dailed 8083
Accepted connection from:  &{{0xc00011c000}}
Accepted connection from:  &{{0xc00029c080}}
Accepted connection from:  &{{0xc00011c080}}
Accepted connection from:  &{{0xc00011c100}}
8095 dailed 8085
8086 dailed 8088
8081 dailed 8084
8094 dailed 8083
8082 dailed 8088
Accepted connection from:  &{{0xc000196000}}
Accepted connection from:  &{{0xc000196080}}
Accepted connection from:  &{{0xc0001a2200}}
Accepted connection from:  &{{0xc0001a2280}}
8084 dailed 8090
8088 dailed 8087
8089 dailed 8088
8085 dailed 8083
Accepted connection from:  &{{0xc0001b2180}}
Accepted connection from:  &{{0xc0001b2200}}
Accepted connection from:  &{{0xc0000a8100}}
8090 dailed 8084
8080 dailed 8084
Accepted connection from:  &{{0xc00011c000}}
8083 dailed 8084
8092 dailed 8083
Accepted connection from:  &{{0xc00011c000}}
8084 dailed 8091
Accepted connection from:  &{{0xc0002a4100}}
Accepted connection from:  &{{0xc0002a4180}}
8081 dailed 8085
8082 dailed 8089
8094 dailed 8084
8086 dailed 8089
Accepted connection from:  &{{0xc0001a2380}}
Accepted connection from:  &{{0xc0001a2400}}
8088 dailed 8089
8080 dailed 8085
8085 dailed 8084
8089 dailed 8090
8092 dailed 8084
8095 dailed 8086
Accepted connection from:  &{{0xc000128280}}
8090 dailed 8085
Accepted connection from:  &{{0xc00021a280}}
Accepted connection from:  &{{0xc000112000}}
Accepted connection from:  &{{0xc000456180}}
Accepted connection from:  &{{0xc00020e100}}
Accepted connection from:  &{{0xc000112080}}
Accepted connection from:  &{{0xc00021a300}}
Accepted connection from:  &{{0xc000128300}}
8086 dailed 8090
8082 dailed 8090
Accepted connection from:  &{{0xc0004bc000}}
Accepted connection from:  &{{0xc0004bc080}}
8081 dailed 8086
8084 dailed 8092
8083 dailed 8085
8087 dailed 8082
Accepted connection from:  &{{0xc000530080}}
8092 dailed 8085
Accepted connection from:  &{{0xc00028a000}}
Accepted connection from:  &{{0xc00028a080}}
Accepted connection from:  &{{0xc00028a100}}
Accepted connection from:  &{{0xc000384000}}
8086 dailed 8091
8095 dailed 8087
8085 dailed 8086
Accepted connection from:  &{{0xc0003f4100}}
8094 dailed 8085
8080 dailed 8086
8088 dailed 8090
Accepted connection from:  &{{0xc0000a8080}}
Accepted connection from:  &{{0xc0000a8100}}
8084 dailed 8093
8089 dailed 8091
8090 dailed 8086
8082 dailed 8091
Accepted connection from:  &{{0xc00008e100}}
Accepted connection from:  &{{0xc00008e180}}
Accepted connection from:  &{{0xc00008e200}}
Accepted connection from:  &{{0xc00011c000}}
Accepted connection from:  &{{0xc0000b6100}}
Accepted connection from:  &{{0xc0000b6180}}
8091 dailed 8083
8083 dailed 8086
8087 dailed 8083
8092 dailed 8086
8081 dailed 8087
Accepted connection from:  &{{0xc000180100}}
Accepted connection from:  &{{0xc000180180}}
Accepted connection from:  &{{0xc00011c280}}
8095 dailed 8088
Accepted connection from:  &{{0xc0000a2000}}
Accepted connection from:  &{{0xc0000c2780}}
8086 dailed 8092
8089 dailed 8092
8082 dailed 8092
8085 dailed 8087
8080 dailed 8087
8088 dailed 8091
Accepted connection from:  &{{0xc000106180}}
Accepted connection from:  &{{0xc000106200}}
8090 dailed 8087
8084 dailed 8094
8091 dailed 8084
Accepted connection from:  &{{0xc0000c2680}}
Accepted connection from:  &{{0xc000182000}}
8092 dailed 8087
8094 dailed 8086
Accepted connection from:  &{{0xc000534000}}
Accepted connection from:  &{{0xc000534080}}
Accepted connection from:  &{{0xc000534100}}
Accepted connection from:  &{{0xc000534180}}
8081 dailed 8088
Accepted connection from:  &{{0xc000534200}}
8083 dailed 8087
Accepted connection from:  &{{0xc0000ba000}}
8087 dailed 8084
Accepted connection from:  &{{0xc0000ba080}}
Accepted connection from:  &{{0xc0000ba100}}
Accepted connection from:  &{{0xc0000ba180}}
Accepted connection from:  &{{0xc0000ba200}}
Accepted connection from:  &{{0xc0000a8280}}
Accepted connection from:  &{{0xc000472000}}
Accepted connection from:  &{{0xc0000a8300}}
Accepted connection from:  &{{0xc000472080}}
8086 dailed 8093
8085 dailed 8088
Accepted connection from:  &{{0xc0001b2300}}
8082 dailed 8093
8089 dailed 8093
Accepted connection from:  &{{0xc000196080}}
Accepted connection from:  &{{0xc000196100}}
Accepted connection from:  &{{0xc000196180}}
Accepted connection from:  &{{0xc0004c0000}}
8095 dailed 8089
8090 dailed 8088
8084 dailed 8095
Accepted connection from:  &{{0xc0000c2380}}
Accepted connection from:  &{{0xc0000c2400}}
8088 dailed 8092
8094 dailed 8087
Accepted connection from:  &{{0xc0000ac100}}
8092 dailed 8088
Accepted connection from:  &{{0xc00011c100}}
8091 dailed 8085
Accepted connection from:  &{{0xc000472100}}
8090 dailed 8089
8085 dailed 8089
Accepted connection from:  &{{0xc00011c100}}
Accepted connection from:  &{{0xc0002a4380}}
Accepted connection from:  &{{0xc0002a4400}}
Accepted connection from:  &{{0xc0002a4480}}
8089 dailed 8094
8081 dailed 8089
8086 dailed 8094
8083 dailed 8088
8092 dailed 8089
8080 dailed 8088
8088 dailed 8093
Accepted connection from:  &{{0xc000126000}}
8091 dailed 8086
8094 dailed 8088
Accepted connection from:  &{{0xc00020e200}}
Accepted connection from:  &{{0xc000128380}}
Accepted connection from:  &{{0xc00029c180}}
Accepted connection from:  &{{0xc000196200}}
Accepted connection from:  &{{0xc00029c200}}
Accepted connection from:  &{{0xc00029c280}}
Accepted connection from:  &{{0xc000474100}}
Accepted connection from:  &{{0xc0000d0000}}
8085 dailed 8090
Accepted connection from:  &{{0xc000474180}}
Accepted connection from:  &{{0xc00069a000}}
Accepted connection from:  &{{0xc00011c100}}
8090 dailed 8091
8081 dailed 8090
Accepted connection from:  &{{0xc000462180}}
8086 dailed 8095
8095 dailed 8090
8091 dailed 8087
Accepted connection from:  &{{0xc000116180}}
Accepted connection from:  &{{0xc0000c2700}}
8089 dailed 8095
8083 dailed 8089
Yayyy everything is sent
Yayyy everything is sent
Accepted connection from:  &{{0xc000196380}}
8082 dailed 8094
Accepted connection from:  &{{0xc0000a2080}}
8090 dailed 8092
8087 dailed 8085
Accepted connection from:  &{{0xc00020e280}}
Accepted connection from:  &{{0xc00011c180}}
8088 dailed 8094
8080 dailed 8089
8081 dailed 8091
Accepted connection from:  &{{0xc000472180}}
Accepted connection from:  &{{0xc0003da180}}
8094 dailed 8089
Accepted connection from:  &{{0xc0002a4580}}
Accepted connection from:  &{{0xc0000a2100}}
8092 dailed 8090
Accepted connection from:  &{{0xc000128400}}
8087 dailed 8086
Accepted connection from:  &{{0xc000534280}}
Accepted connection from:  &{{0xc000100000}}
8082 dailed 8095
Yayyy everything is sent
Accepted connection from:  &{{0xc000146000}}
8087 dailed 8088
8095 dailed 8091
Accepted connection from:  &{{0xc00058a080}}
Accepted connection from:  &{{0xc0004c0000}}
8095 dailed 8092
8087 dailed 8089
Accepted connection from:  &{{0xc00020e300}}
Accepted connection from:  &{{0xc0005a2200}}
Accepted connection from:  &{{0xc000196280}}
8095 dailed 8093
Accepted connection from:  &{{0xc000196300}}
8087 dailed 8090
8095 dailed 8094
Accepted connection from:  &{{0xc000182100}}
8087 dailed 8091
Accepted connection from:  &{{0xc000628080}}
Accepted connection from:  &{{0xc0005a2280}}
8087 dailed 8092
8087 dailed 8093
Accepted connection from:  &{{0xc00011c300}}
Accepted connection from:  &{{0xc000396080}}
8087 dailed 8094
8087 dailed 8095
Accepted connection from:  &{{0xc000146080}}
Yayyy everything is sent
8088 dailed 8095
Yayyy everything is sent
Accepted connection from:  &{{0xc00021e180}}
8090 dailed 8093
8090 dailed 8094
Accepted connection from:  &{{0xc000182180}}
8090 dailed 8095
Accepted connection from:  &{{0xc000640100}}
Accepted connection from:  &{{0xc000132000}}
8092 dailed 8091
Accepted connection from:  &{{0xc00058a100}}
Accepted connection from:  &{{0xc00011c380}}
8092 dailed 8093
Accepted connection from:  &{{0xc000182200}}
8092 dailed 8094
8092 dailed 8095
8094 dailed 8090
Accepted connection from:  &{{0xc000132080}}
8094 dailed 8091
Accepted connection from:  &{{0xc00009c000}}
Accepted connection from:  &{{0xc000472200}}
Accepted connection from:  &{{0xc000640180}}
8094 dailed 8092
8094 dailed 8093
Accepted connection from:  &{{0xc000196380}}
8094 dailed 8095
Accepted connection from:  &{{0xc000640200}}
8085 dailed 8091
8085 dailed 8092
Accepted connection from:  &{{0xc0005a2480}}
Accepted connection from:  &{{0xc00011c400}}
8085 dailed 8093
Accepted connection from:  &{{0xc0002a8100}}
8085 dailed 8094
8085 dailed 8095
Accepted connection from:  &{{0xc000640280}}
8091 dailed 8088
Accepted connection from:  &{{0xc00021e200}}
8083 dailed 8090
Accepted connection from:  &{{0xc000132100}}
Accepted connection from:  &{{0xc000116200}}
8083 dailed 8091
Accepted connection from:  &{{0xc000128100}}
8091 dailed 8089
Accepted connection from:  &{{0xc000542000}}
Accepted connection from:  &{{0xc000474200}}
8091 dailed 8090
8083 dailed 8092
8091 dailed 8092
Accepted connection from:  &{{0xc000542080}}
Accepted connection from:  &{{0xc000196400}}
Accepted connection from:  &{{0xc000196480}}
8091 dailed 8093
Accepted connection from:  &{{0xc0002a8180}}
8091 dailed 8094
8083 dailed 8093
8091 dailed 8095
Accepted connection from:  &{{0xc000640300}}
Accepted connection from:  &{{0xc00011c280}}
8083 dailed 8094
Accepted connection from:  &{{0xc000462300}}
8083 dailed 8095
Yayyy everything is sent
8081 dailed 8092
Accepted connection from:  &{{0xc00011c480}}
8081 dailed 8093
Accepted connection from:  &{{0xc000126100}}
8081 dailed 8094
8081 dailed 8095
Accepted connection from:  &{{0xc000480700}}
8093 dailed 8080
Accepted connection from:  &{{0xc000132180}}
8080 dailed 8090
8080 dailed 8091
Accepted connection from:  &{{0xc000534380}}
Accepted connection from:  &{{0xc000546080}}
8080 dailed 8092
Accepted connection from:  &{{0xc0004c0080}}
8093 dailed 8081
Accepted connection from:  &{{0xc00011c000}}
8080 dailed 8093
Accepted connection from:  &{{0xc00020c280}}
8080 dailed 8094
Accepted connection from:  &{{0xc00011c300}}
8093 dailed 8082
8080 dailed 8095
Accepted connection from:  &{{0xc000002000}}
8093 dailed 8083
8093 dailed 8084
Accepted connection from:  &{{0xc0001a2500}}
8093 dailed 8085
8093 dailed 8086
Accepted connection from:  &{{0xc000228180}}
8093 dailed 8087
8093 dailed 8088
Accepted connection from:  &{{0xc000450000}}
8093 dailed 8089
Accepted connection from:  &{{0xc0004b0000}}
8093 dailed 8090
Accepted connection from:  &{{0xc000474280}}
8093 dailed 8091
8093 dailed 8092
8093 dailed 8094
Accepted connection from:  &{{0xc0004c0100}}
Accepted connection from:  &{{0xc000628180}}
Accepted connection from:  &{{0xc000126180}}
Accepted connection from:  &{{0xc000214100}}
Accepted connection from:  &{{0xc000312100}}
8093 dailed 8095
Yayyy everything is sent
Yayyy everything is sent
Done
Yayyy everything is sent
Yayyy everything is sent
Yayyy everything is sent
Yayyy everything is sent
Yayyy everything is sent
Done
Yayyy everything is sent
Done
Done
Done
Accepted connection from:  &{{0xc00012a080}}
Accepted connection from:  &{{0xc00012a180}}
Accepted connection from:  &{{0xc00012a300}}
Yayyy everything is sent
Done
Yayyy everything is sent
Done
Done
Done
Done
Done
Done
Done
Done
Done
Done
My server Id: 0
Got the following server configs: {[{0 localhost 8080}]}
